mode: count
github.com/absfs/basefs/basefile.go:20.45,21.16 1 367199
github.com/absfs/basefs/basefile.go:21.16,23.3 1 282656
github.com/absfs/basefs/basefile.go:25.2,25.19 1 84543
github.com/absfs/basefs/basefile.go:25.19,27.3 1 7680
github.com/absfs/basefs/basefile.go:28.2,28.25 1 76863
github.com/absfs/basefs/basefile.go:29.21,31.54 2 76856
github.com/absfs/basefs/basefile.go:32.10,33.65 1 7
github.com/absfs/basefs/basefile.go:37.30,39.2 1 29184
github.com/absfs/basefs/basefile.go:41.50,45.2 2 29185
github.com/absfs/basefs/basefile.go:47.63,51.2 2 0
github.com/absfs/basefs/basefile.go:53.51,57.2 2 29185
github.com/absfs/basefs/basefile.go:59.64,63.2 2 0
github.com/absfs/basefs/basefile.go:65.30,69.2 2 84485
github.com/absfs/basefs/basefile.go:71.70,75.2 2 29184
github.com/absfs/basefs/basefile.go:77.44,79.16 2 0
github.com/absfs/basefs/basefile.go:79.16,81.3 1 0
github.com/absfs/basefs/basefile.go:83.2,83.48 1 0
github.com/absfs/basefs/basefile.go:86.29,88.2 1 0
github.com/absfs/basefs/basefile.go:90.63,93.2 2 0
github.com/absfs/basefs/basefile.go:95.64,98.2 2 0
github.com/absfs/basefs/basefile.go:100.43,102.2 1 0
github.com/absfs/basefs/basefile.go:104.57,108.2 2 55297
github.com/absfs/basefs/basefile.go:115.34,117.2 1 0
github.com/absfs/basefs/basefile.go:119.33,121.2 1 0
github.com/absfs/basefs/basefile.go:123.40,125.2 1 0
github.com/absfs/basefs/basefile.go:127.39,129.2 1 4
github.com/absfs/basefs/basefile.go:131.38,133.2 1 0
github.com/absfs/basefs/basefile.go:135.33,137.2 1 0
github.com/absfs/basefs/basefs.go:22.36,24.2 1 0
github.com/absfs/basefs/basefs.go:26.40,28.2 1 0
github.com/absfs/basefs/basefs.go:30.42,32.21 2 2
github.com/absfs/basefs/basefs.go:32.21,35.3 2 2
github.com/absfs/basefs/basefs.go:37.2,38.12 2 0
github.com/absfs/basefs/basefs.go:41.50,43.2 1 1
github.com/absfs/basefs/basefs.go:45.52,46.16 1 276802
github.com/absfs/basefs/basefs.go:46.16,48.3 1 0
github.com/absfs/basefs/basefs.go:50.2,50.17 1 276802
github.com/absfs/basefs/basefs.go:50.17,52.3 1 3
github.com/absfs/basefs/basefs.go:54.2,54.23 1 276799
github.com/absfs/basefs/basefs.go:54.23,56.3 1 283
github.com/absfs/basefs/basefs.go:57.2,60.40 2 276799
github.com/absfs/basefs/basefs.go:60.40,62.3 1 167
github.com/absfs/basefs/basefs.go:63.2,63.18 1 276632
github.com/absfs/basefs/basefs.go:74.80,75.15 1 36
github.com/absfs/basefs/basefs.go:75.15,77.3 1 0
github.com/absfs/basefs/basefs.go:79.2,79.26 1 36
github.com/absfs/basefs/basefs.go:79.26,81.3 1 0
github.com/absfs/basefs/basefs.go:82.2,83.16 2 36
github.com/absfs/basefs/basefs.go:83.16,85.3 1 0
github.com/absfs/basefs/basefs.go:86.2,86.19 1 36
github.com/absfs/basefs/basefs.go:86.19,88.3 1 0
github.com/absfs/basefs/basefs.go:90.2,93.8 1 36
github.com/absfs/basefs/basefs.go:97.100,100.16 2 110615
github.com/absfs/basefs/basefs.go:100.16,102.3 1 14
github.com/absfs/basefs/basefs.go:104.2,105.16 2 110601
github.com/absfs/basefs/basefs.go:105.16,107.3 1 81415
github.com/absfs/basefs/basefs.go:109.2,109.59 1 29186
github.com/absfs/basefs/basefs.go:114.72,116.16 2 27673
github.com/absfs/basefs/basefs.go:116.16,118.3 1 14
github.com/absfs/basefs/basefs.go:119.2,120.30 2 27659
github.com/absfs/basefs/basefs.go:125.55,127.16 2 24
github.com/absfs/basefs/basefs.go:127.16,129.3 1 14
github.com/absfs/basefs/basefs.go:131.2,132.30 2 10
github.com/absfs/basefs/basefs.go:135.67,138.16 3 16
github.com/absfs/basefs/basefs.go:138.16,141.3 2 5
github.com/absfs/basefs/basefs.go:142.2,143.16 2 11
github.com/absfs/basefs/basefs.go:143.16,146.3 2 5
github.com/absfs/basefs/basefs.go:147.2,148.30 2 6
github.com/absfs/basefs/basefs.go:153.68,155.16 2 55321
github.com/absfs/basefs/basefs.go:155.16,157.3 1 14
github.com/absfs/basefs/basefs.go:159.2,160.16 2 55307
github.com/absfs/basefs/basefs.go:160.16,162.3 1 55303
github.com/absfs/basefs/basefs.go:164.2,164.46 1 4
github.com/absfs/basefs/basefs.go:168.72,170.16 2 27671
github.com/absfs/basefs/basefs.go:170.16,172.3 1 14
github.com/absfs/basefs/basefs.go:174.2,175.30 2 27657
github.com/absfs/basefs/basefs.go:179.90,181.16 2 0
github.com/absfs/basefs/basefs.go:181.16,183.3 1 0
github.com/absfs/basefs/basefs.go:184.2,185.30 2 0
github.com/absfs/basefs/basefs.go:189.68,191.16 2 23
github.com/absfs/basefs/basefs.go:191.16,193.3 1 14
github.com/absfs/basefs/basefs.go:195.2,196.30 2 9
github.com/absfs/basefs/basefs.go:199.46,202.45 2 2
github.com/absfs/basefs/basefs.go:202.45,204.3 1 0
github.com/absfs/basefs/basefs.go:207.2,207.15 1 2
github.com/absfs/basefs/basefs.go:210.67,212.16 2 24
github.com/absfs/basefs/basefs.go:212.16,214.3 1 15
github.com/absfs/basefs/basefs.go:216.2,217.16 2 9
github.com/absfs/basefs/basefs.go:217.16,220.3 2 9
github.com/absfs/basefs/basefs.go:222.2,222.41 1 0
github.com/absfs/basefs/basefs.go:225.69,227.16 2 55322
github.com/absfs/basefs/basefs.go:227.16,229.3 1 14
github.com/absfs/basefs/basefs.go:231.2,232.16 2 55308
github.com/absfs/basefs/basefs.go:232.16,234.3 1 4
github.com/absfs/basefs/basefs.go:236.2,236.41 1 55304
github.com/absfs/basefs/basefs.go:239.75,241.16 2 23
github.com/absfs/basefs/basefs.go:241.16,243.3 1 14
github.com/absfs/basefs/basefs.go:245.2,245.35 1 9
github.com/absfs/basefs/basefs.go:248.58,250.16 2 24
github.com/absfs/basefs/basefs.go:250.16,252.3 1 14
github.com/absfs/basefs/basefs.go:254.2,254.30 1 10
github.com/absfs/basefs/basefs.go:257.69,259.16 2 8
github.com/absfs/basefs/basefs.go:259.16,261.3 1 5
github.com/absfs/basefs/basefs.go:263.2,263.35 1 3
github.com/absfs/basefs/basefs.go:266.69,268.16 2 21
github.com/absfs/basefs/basefs.go:268.16,270.3 1 9
github.com/absfs/basefs/basefs.go:272.2,273.36 2 12
github.com/absfs/basefs/basefs.go:278.69,280.16 2 4
github.com/absfs/basefs/basefs.go:280.16,282.3 1 0
github.com/absfs/basefs/basefs.go:284.2,285.30 2 4
github.com/absfs/basefs/basefs.go:288.67,290.16 2 6
github.com/absfs/basefs/basefs.go:290.16,292.3 1 0
github.com/absfs/basefs/basefs.go:294.2,295.16 2 6
github.com/absfs/basefs/basefs.go:295.16,297.3 1 3
github.com/absfs/basefs/basefs.go:299.2,301.38 2 3
github.com/absfs/basefs/basefs.go:304.68,306.16 2 6
github.com/absfs/basefs/basefs.go:306.16,308.3 1 2
github.com/absfs/basefs/basefs.go:309.2,310.16 2 4
github.com/absfs/basefs/basefs.go:310.16,312.3 1 0
github.com/absfs/basefs/basefs.go:314.2,315.30 2 4
github.com/absfs/basefs/basefs.go:326.74,327.15 1 1
github.com/absfs/basefs/basefs.go:327.15,329.3 1 0
github.com/absfs/basefs/basefs.go:331.2,331.26 1 1
github.com/absfs/basefs/basefs.go:331.26,333.3 1 0
github.com/absfs/basefs/basefs.go:334.2,335.16 2 1
github.com/absfs/basefs/basefs.go:335.16,337.3 1 0
github.com/absfs/basefs/basefs.go:338.2,338.19 1 1
github.com/absfs/basefs/basefs.go:338.19,340.3 1 0
github.com/absfs/basefs/basefs.go:342.2,345.8 1 1
github.com/absfs/basefs/basefs.go:349.93,352.16 2 0
github.com/absfs/basefs/basefs.go:352.16,354.3 1 0
github.com/absfs/basefs/basefs.go:356.2,357.16 2 0
github.com/absfs/basefs/basefs.go:357.16,359.3 1 0
github.com/absfs/basefs/basefs.go:361.2,361.59 1 0
github.com/absfs/basefs/basefs.go:366.65,368.16 2 0
github.com/absfs/basefs/basefs.go:368.16,370.3 1 0
github.com/absfs/basefs/basefs.go:371.2,372.30 2 0
github.com/absfs/basefs/basefs.go:377.48,379.16 2 1
github.com/absfs/basefs/basefs.go:379.16,381.3 1 0
github.com/absfs/basefs/basefs.go:383.2,384.30 2 1
github.com/absfs/basefs/basefs.go:387.60,390.16 3 0
github.com/absfs/basefs/basefs.go:390.16,393.3 2 0
github.com/absfs/basefs/basefs.go:394.2,395.16 2 0
github.com/absfs/basefs/basefs.go:395.16,398.3 2 0
github.com/absfs/basefs/basefs.go:399.2,400.30 2 0
github.com/absfs/basefs/basefs.go:405.61,407.16 2 0
github.com/absfs/basefs/basefs.go:407.16,409.3 1 0
github.com/absfs/basefs/basefs.go:411.2,412.16 2 0
github.com/absfs/basefs/basefs.go:412.16,414.3 1 0
github.com/absfs/basefs/basefs.go:416.2,416.46 1 0
github.com/absfs/basefs/basefs.go:420.65,422.16 2 0
github.com/absfs/basefs/basefs.go:422.16,424.3 1 0
github.com/absfs/basefs/basefs.go:426.2,427.30 2 0
github.com/absfs/basefs/basefs.go:431.83,433.16 2 0
github.com/absfs/basefs/basefs.go:433.16,435.3 1 0
github.com/absfs/basefs/basefs.go:436.2,437.30 2 0
github.com/absfs/basefs/basefs.go:441.61,443.16 2 0
github.com/absfs/basefs/basefs.go:443.16,445.3 1 0
github.com/absfs/basefs/basefs.go:447.2,448.30 2 0
github.com/absfs/basefs/basefs.go:451.39,454.45 2 0
github.com/absfs/basefs/basefs.go:454.45,456.3 1 0
github.com/absfs/basefs/basefs.go:459.2,459.15 1 0
github.com/absfs/basefs/basefs.go:462.60,464.16 2 1
github.com/absfs/basefs/basefs.go:464.16,466.3 1 0
github.com/absfs/basefs/basefs.go:468.2,469.16 2 1
github.com/absfs/basefs/basefs.go:469.16,472.3 2 0
github.com/absfs/basefs/basefs.go:474.2,474.41 1 1
github.com/absfs/basefs/basefs.go:477.62,479.16 2 1
github.com/absfs/basefs/basefs.go:479.16,481.3 1 0
github.com/absfs/basefs/basefs.go:483.2,484.16 2 1
github.com/absfs/basefs/basefs.go:484.16,486.3 1 0
github.com/absfs/basefs/basefs.go:488.2,488.41 1 1
github.com/absfs/basefs/basefs.go:491.68,493.16 2 0
github.com/absfs/basefs/basefs.go:493.16,495.3 1 0
github.com/absfs/basefs/basefs.go:497.2,497.35 1 0
github.com/absfs/basefs/basefs.go:500.51,502.16 2 0
github.com/absfs/basefs/basefs.go:502.16,504.3 1 0
github.com/absfs/basefs/basefs.go:506.2,506.30 1 0
github.com/absfs/basefs/basefs.go:509.62,511.16 2 0
github.com/absfs/basefs/basefs.go:511.16,513.3 1 0
github.com/absfs/basefs/basefs.go:515.2,515.35 1 0
github.com/absfs/basefs/basefs.go:529.76,531.16 2 2
github.com/absfs/basefs/basefs.go:531.16,533.3 1 0
github.com/absfs/basefs/basefs.go:534.2,535.9 2 2
github.com/absfs/basefs/basefs.go:535.9,537.3 1 0
github.com/absfs/basefs/basefs.go:538.2,538.78 1 2
github.com/absfs/basefs/basefs.go:538.78,540.14 2 10263
github.com/absfs/basefs/basefs.go:540.14,542.4 1 2
github.com/absfs/basefs/basefs.go:543.3,543.26 1 10263
github.com/absfs/basefs/basefs.go:547.81,549.16 2 1
github.com/absfs/basefs/basefs.go:549.16,551.3 1 0
github.com/absfs/basefs/basefs.go:552.2,553.9 2 1
github.com/absfs/basefs/basefs.go:553.9,555.3 1 0
github.com/absfs/basefs/basefs.go:556.2,556.71 1 1
github.com/absfs/basefs/basefs.go:556.71,558.14 2 10209
github.com/absfs/basefs/basefs.go:558.14,560.4 1 1
github.com/absfs/basefs/basefs.go:561.3,561.21 1 10209
github.com/absfs/basefs/utils.go:9.51,11.8 2 1
github.com/absfs/basefs/utils.go:11.8,13.3 1 1
github.com/absfs/basefs/utils.go:14.2,14.11 1 0
github.com/absfs/basefs/utils.go:19.41,21.8 2 1
github.com/absfs/basefs/utils.go:21.8,23.3 1 1
github.com/absfs/basefs/utils.go:24.2,24.11 1 0
